mode: set
backend/internal/entity/counter.go:15.61,16.21 1 1
backend/internal/entity/counter.go:16.21,17.31 1 1
backend/internal/entity/counter.go:17.32,17.33 0 1
backend/internal/entity/counter.go:19.2,25.3 1 1
backend/internal/entity/counter.go:28.31,30.2 1 1
backend/internal/entity/counter.go:32.35,34.2 1 1
backend/internal/entity/counter.go:37.37,40.16 2 1
backend/internal/entity/counter.go:40.16,42.3 1 1
backend/internal/entity/counter.go:43.2,44.16 2 1
backend/internal/entity/counter.go:47.26,49.18 2 1
backend/internal/entity/counter.go:49.18,51.3 1 1
backend/internal/entity/counter.go:54.27,58.12 3 1
backend/internal/entity/counter.go:58.12,59.16 1 1
backend/internal/entity/counter.go:59.16,59.38 1 1
backend/internal/entity/counter.go:61.3,62.7 2 1
backend/internal/entity/counter.go:62.7,63.11 1 1
backend/internal/entity/counter.go:64.20,65.13 1 1
backend/internal/entity/counter.go:66.18,67.11 1 1
backend/internal/entity/counter.go:73.26,76.17 2 1
backend/internal/entity/counter.go:76.17,78.3 1 1
backend/internal/entity/counter.go:79.2,80.22 2 1
backend/internal/entity/counter.go:83.27,88.2 3 1
backend/internal/entity/event.go:9.48,15.2 1 1
backend/internal/entity/event.go:17.31,19.2 1 1
backend/internal/entity/event.go:21.30,23.2 1 1
backend/internal/entity/event.go:25.33,27.2 1 1
backend/internal/entity/event.go:29.36,31.2 1 1
backend/internal/entity/event.go:33.42,35.2 1 1
backend/internal/entity/now.go:13.29,18.2 1 1
backend/internal/entity/now.go:20.27,24.16 3 1
backend/internal/entity/now.go:24.16,26.3 1 1
backend/internal/entity/now.go:27.2,27.14 1 1
backend/internal/entity/now.go:30.30,35.2 3 1
backend/internal/entity/now.go:37.23,42.2 3 1
